Warning: libpng warning: Interlace handling should be turned on when using png_read_image
Warning: libpng warning: Interlace handling should be turned on when using png_read_image
Warning: libpng warning: Interlace handling should be turned on when using png_read_image
Warning: libpng warning: Interlace handling should be turned on when using png_read_image
Warning: libpng warning: Interlace handling should be turned on when using png_read_image
Warning: QPainter::begin: Paint device returned engine == 0, type: 1
Warning: QPainter::setPen: Painter not active
Warning: QPainter::setBrush: Painter not active
Warning: QPainter::setRenderHint: Painter must be active to set rendering hints
Warning: QPainter::setPen: Painter not active
Warning: libpng warning: Interlace handling should be turned on when using png_read_image
Debug: "23:51:02 c:\jk\workspace\build__4.44__designer_win\fmod4\tools\fmod_designer\src\eventform.ui.h:1529 HH: Add Simple Event" 
Debug: "23:51:13 ..\..\src\simpleeventcontroller.cpp:1741 IS: Add Sound to Playlist" 
Debug: "23:51:15 ..\..\src\simpleeventcontroller.cpp:1280 IK: Set Playlist Pitch Randomization" 
Debug: "23:51:20 ..\..\src\propertyeditor.cpp:4234 ER: Set Mode" 
Debug: "23:51:27 c:\jk\workspace\build__4.44__designer_win\fmod4\tools\fmod_designer\src\eventform.ui.h:1529 HH: Add Simple Event" 
Debug: "23:51:31 c:\jk\workspace\build__4.44__designer_win\fmod4\tools\fmod_designer\src\eventform.ui.h:2202 CH: Delete Events/Event Groups/Event Categories" 
Debug: "23:51:36 c:\jk\workspace\build__4.44__designer_win\fmod4\tools\fmod_designer\src\eventform.ui.h:1529 HH: Add Simple Event" 
Debug: "23:52:01 ..\..\src\simpleeventcontroller.cpp:1741 IS: Add Sound to Playlist" 
Debug: "23:52:03 ..\..\src\simpleeventcontroller.cpp:1280 IK: Set Playlist Pitch Randomization" 
Debug: "23:52:06 ..\..\src\propertyeditor.cpp:4234 ER: Set Mode" 
Debug: "23:52:11 ..\..\src\simpleeventcontroller.cpp:1280 IK: Set Playlist Pitch Randomization" 
Debug: "23:52:15 ..\..\src\simpleeventcontroller.cpp:1280 IK: Set Playlist Pitch Randomization" 
Debug: "23:52:15 ..\..\src\simpleeventcontroller.cpp:1280 IK: Set Playlist Pitch Randomization" 
Debug: "23:52:15 ..\..\src\simpleeventcontroller.cpp:1280 IK: Set Playlist Pitch Randomization" 
Debug: 
Building project 'revolver_test'...
Debug: Building project C:\Users\mark\Downloads\revolver custom\revolver_test.fev...
Debug: Unique sound defs 4/5
Debug: Retrieving sound file info...
Debug: Retrieving reverb info...
Debug: FEV file written ok
Debug: Unique Envelope Points: 0 of 0
Debug: Unique Strings: 282 characters of 282
Debug: Caching sound file details for ''...
Debug: ..\bulletdrop1.ogg
Debug: ..\bulletdrop2.ogg
Debug: ..\load1.ogg
Debug: ..\revolver_cylinder_close.ogg
Debug: ..\revolver_cylinder_open.ogg
Debug: ..\revolver_drop1.ogg
Debug: ..\revolver_drop2.ogg
Debug: Building 'revolver_test_bank02.fsb'
Debug: Encoded C:\Users\mark\Downloads\revolver custom\..\bulletdrop1.ogg
Debug: Encoded C:\Users\mark\Downloads\revolver custom\..\bulletdrop2.ogg
Debug: Encoded C:\Users\mark\Downloads\revolver custom\..\revolver_cylinder_close.ogg
Debug: Encoded C:\Users\mark\Downloads\revolver custom\..\load1.ogg
Debug: Encoded C:\Users\mark\Downloads\revolver custom\..\revolver_cylinder_open.ogg
Debug: Encoded C:\Users\mark\Downloads\revolver custom\..\revolver_drop2.ogg
Debug: Encoded C:\Users\mark\Downloads\revolver custom\..\revolver_drop1.ogg
Debug: Writing FSB...
Debug: Finished building FSB
Debug: 
Debug: 
Summary of build:
SUCCESS: C:/Users/mark/Downloads/revolver custom/revolver_test.fev
SUCCESS: revolver_test_bank02.fsb
